{
  "RSpec": {
    "coverage": {
      "/viva-challenge/app/api/spotippos.rb": [
        1,
        1,
        1,
        1,
        1,
        1,
        1,
        1,
        null,
        1,
        1,
        13,
        null,
        null,
        null,
        1,
        1,
        1,
        null,
        1,
        1,
        1,
        1,
        1,
        1,
        1,
        1,
        null,
        null,
        1,
        1,
        1,
        1,
        null,
        null,
        1,
        1,
        1,
        null,
        1,
        12,
        12,
        12,
        10,
        null,
        2,
        null,
        null,
        1,
        1,
        0,
        null,
        null,
        null,
        null
      ],
      "/viva-challenge/app/domain/entities/property.rb": [
        1,
        1,
        1,
        1,
        null,
        1,
        1,
        1,
        1,
        1,
        1,
        1,
        1,
        1,
        null,
        null,
        null,
        null,
        null,
        null
      ],
      "/viva-challenge/app/domain/entities/province.rb": [
        1,
        1,
        null,
        null,
        null
      ],
      "/viva-challenge/app/viva_challenge.rb": [
        1,
        1,
        null,
        1,
        null
      ]
    },
    "timestamp": 1473012336
  }
}
